<?xml version="1.0" encoding="UTF-8"?>
<testsuite xmlns:xsi="http://www.w3.org/2001/XMLSchema-instance" xsi:noNamespaceSchemaLocation="https://maven.apache.org/surefire/maven-surefire-plugin/xsd/surefire-test-report-3.0.xsd" version="3.0" name="com.ebay.calculator.CalculatorApplicationTests" time="4.059" tests="1" errors="0" skipped="0" failures="0">
  <properties>
[...]
</properties>
  <testcase name="contextLoads" classname="com.ebay.calculator.CalculatorApplicationTests" time="1.467">
    <system-out><![CDATA[00:45:16.077 [main] INFO org.springframework.test.context.support.AnnotationConfigContextLoaderUtils -- Could not detect default configuration classes for test class [com.ebay.calculator.CalculatorApplicationTests]: CalculatorApplicationTests does not declare any static, non-private, non-final, nested classes annotated with @Configuration.
00:45:16.247 [main] INFO org.springframework.boot.test.context.SpringBootTestContextBootstrapper -- Found @SpringBootConfiguration com.ebay.calculator.CalculatorApplication for test class com.ebay.calculator.CalculatorApplicationTests

  .   ____          _            __ _ _
 /\\ / ___'_ __ _ _(_)_ __  __ _ \ \ \ \
( ( )\___ | '_ | '_| | '_ \/ _` | \ \ \ \
 \\/  ___)| |_)| | | | | || (_| |  ) ) ) )
  '  |____| .__|_| |_|_| |_\__, | / / / /
 =========|_|==============|___/=/_/_/_/

 :: Spring Boot ::                (v3.3.4)

2024-10-08T00:45:16.848-07:00  INFO 58297 --- [Calculator] [           main] c.e.c.CalculatorApplicationTests         : Starting CalculatorApplicationTests using Java 23 with PID 58297 (started by jietingyang in /Users/jietingyang/IdeaProjects/Calculator)
2024-10-08T00:45:16.850-07:00  INFO 58297 --- [Calculator] [           main] c.e.c.CalculatorApplicationTests         : No active profile set, falling back to 1 default profile: "default"
2024-10-08T00:45:18.356-07:00  INFO 58297 --- [Calculator] [           main] c.e.c.CalculatorApplicationTests         : Started CalculatorApplicationTests in 1.877 seconds (process running for 3.378)
]]></system-out>
    <system-err><![CDATA[WARNING: A Java agent has been loaded dynamically (/Users/jietingyang/.m2/repository/net/bytebuddy/byte-buddy-agent/1.14.19/byte-buddy-agent-1.14.19.jar)
WARNING: If a serviceability tool is in use, please run with -XX:+EnableDynamicAgentLoading to hide this warning
WARNING: If a serviceability tool is not in use, please run with -Djdk.instrument.traceUsage for more information
WARNING: Dynamic loading of agents will be disallowed by default in a future release
]]></system-err>
  </testcase>
</testsuite>